Arguments: 
  /usr/local/bin/node /usr/share/yarn/bin/yarn.js install

PATH: 
  /usr/local/sbin:/usr/local/bin:/usr/sbin:/usr/bin:/sbin:/bin:/usr/games:/usr/local/games:/snap/bin

Yarn version: 
  1.22.5

Node version: 
  14.17.3

Platform: 
  linux x64

Trace: 
  SyntaxError: /home/developer/extra_space/base-js-tools/package.json: Unexpected token / in JSON at position 204
      at JSON.parse (<anonymous>)
      at /usr/share/yarn/lib/cli.js:1625:59
      at Generator.next (<anonymous>)
      at step (/usr/share/yarn/lib/cli.js:310:30)
      at /usr/share/yarn/lib/cli.js:321:13

npm manifest: 
  {
    "name": "@thornveneto/base-js-tools",
    "version": "0.0.19",
    "description": "Very basic handy tools to build js applications",
    "main": "./dist/base-js-tools.js",
    "types": "./dist/index.d.ts",
    /*"module": "dist/base-js-tools.esm.js",*/
    "repository": "https://github.com/thornveneto/base-js-tools.git",
    "author": "thornveneto",
    "license": "MIT",
    "private": null,
    "scripts": {
      "test": "jest --watch",    
      "compile": "tsc src/*.ts --declaration --emitDeclarationOnly --downlevelIteration --declarationDir types",
      "build": "yarn compile && webpack",
      "deploy": "yarn publish"
    },
    "devDependencies": {
      "@babel/core": "^7.14.6",
      "@babel/preset-env": "^7.14.7",
      "@babel/preset-typescript": "^7.14.5",
      "@rollup/plugin-commonjs": "^20.0.0",
      "@rollup/plugin-node-resolve": "^13.0.4",
      "@rollup/plugin-typescript": "^8.2.5",    
      "@types/jest": "^27.0.1",
      "babel-jest": "^27.0.6",
      "jest": "^27.0.6",
      "rollup": "^2.56.2",
      "tslib": "^2.3.1",
      "typescript": "^4.3.5"
    },
    "files": [
      "src",
      "dist",
      "types"
    ],
    "dependencies": {
      "immer": "^9.0.5"
    }
  }

yarn manifest: 
  No manifest

Lockfile: 
  No lockfile
